<?xml version="1.0" encoding="UTF-8"?>
<!-- Generated by org.testng.reporters.JUnitReportReporter -->
<testsuite hostname="ATMECSINLT-038" failures="0" tests="3" name="com.atmecs.testScripts.Book_OneWay_Ticket" time="23.461" errors="0" timestamp="04 Sep 2019 13:18:14 GMT" skipped="0">
  <testcase classname="com.atmecs.testScripts.Book_OneWay_Ticket" name="homePage" time="7.922"/>
  <testcase classname="com.atmecs.testScripts.Book_OneWay_Ticket" name="selectFlightAndReview" time="7.620"/>
  <testcase classname="com.atmecs.testScripts.Book_OneWay_Ticket" name="travellersDetails" time="7.919"/>
</testsuite> <!-- com.atmecs.testScripts.Book_OneWay_Ticket -->
