<?xml version="1.0" encoding="UTF-8"?>
<!-- Generated by org.testng.reporters.JUnitReportReporter -->
<testsuite hostname="ATMECSINLT-038" failures="0" tests="3" name="com.atmecs.testScripts.Book_OneWay_Ticket" time="31.483" errors="0" timestamp="05 Sep 2019 11:17:40 GMT" skipped="0">
  <testcase classname="com.atmecs.testScripts.Book_OneWay_Ticket" name="homePage" time="12.553"/>
  <testcase classname="com.atmecs.testScripts.Book_OneWay_Ticket" name="selectFlightAndReview" time="9.605"/>
  <testcase classname="com.atmecs.testScripts.Book_OneWay_Ticket" name="travellersDetails" time="9.325"/>
</testsuite> <!-- com.atmecs.testScripts.Book_OneWay_Ticket -->
